\BOOKMARK [0][-]{section*.1}{Abstract}{}% 1
\BOOKMARK [0][-]{chapter.1}{Harish-Chandra modules over sl\(2,C\) x sl\(2,C\)}{}% 2
\BOOKMARK [1][-]{section.1.1}{Representations of L\137k}{chapter.1}% 3
\BOOKMARK [2][-]{subsection.1.1.1}{Formulae for the operators H\137+,H\137-,H\1373,F\137+,F\137-,F\1373}{section.1.1}% 4
\BOOKMARK [2][-]{subsection.1.1.2}{Describing V\(2\) tensor product V\(n\)}{section.1.1}% 5
\BOOKMARK [2][-]{subsection.1.1.3}{Simple Harish-Chandra modules for the pair \(L,L\137k\)}{section.1.1}% 6
\BOOKMARK [1][-]{section.1.2}{Decomposition of modules into indecomposables}{chapter.1}% 7
\BOOKMARK [2][-]{subsection.1.2.1}{Laplace operators}{section.1.2}% 8
\BOOKMARK [2][-]{subsection.1.2.2}{Properties of the Laplace operators in indecomposable modules}{section.1.2}% 9
\BOOKMARK [1][-]{section.1.3}{The non-singular category C\(lambda\1371,lambda\1372\)}{chapter.1}% 10
\BOOKMARK [1][-]{section.1.4}{The singular category C\(lambda\1371,lambda\1372\)}{chapter.1}% 11
\BOOKMARK [0][-]{section*.13}{Bibliography}{}% 12
\BOOKMARK [0][-]{appendix.A}{Calculations}{}% 13
\BOOKMARK [1][-]{section.A.1}{Bases for V\(2\) tensor V\(n\)}{appendix.A}% 14
\BOOKMARK [1][-]{section.A.2}{Finding w\1371 tensor v\137k}{appendix.A}% 15
\BOOKMARK [1][-]{section.A.3}{Inner products in V\(2\) tensor V\(n\)}{appendix.A}% 16
\BOOKMARK [1][-]{section.A.4}{Finding the normed version of w\1371 tensor v\1371}{appendix.A}% 17
\BOOKMARK [1][-]{section.A.5}{F\1373,F\137+,F\137- in terms of E\137+,E\137-,D\1370,D\137+,D\137-}{appendix.A}% 18
\BOOKMARK [1][-]{section.A.6}{Relations for D\1370,D\137+,D\137-}{appendix.A}% 19
\BOOKMARK [1][-]{section.A.7}{Finding d\137l-}{appendix.A}% 20
\BOOKMARK [1][-]{section.A.8}{Finding Delta\1371 xi and Delta\1372 xi}{appendix.A}% 21
\BOOKMARK [0][-]{appendix.B}{Auxiliary results}{}% 22
\BOOKMARK [1][-]{section.B.1}{Z\(U\(L\1371 x L\1372\)\) is isomorphic to Z\(U\(L\1371\)\) tensor Z\(U\(L\1372\)\)}{appendix.B}% 23
\BOOKMARK [1][-]{section.B.2}{Determining a linear map from its square and eigenvalue}{appendix.B}% 24
